# Logfile created on Fri Mar 06 13:57:05 +0100 2009 by /
Will use local index.
Will use local index.
Will use local index.
Will use local index.
Will use local index.
Will use local index.
using index in /Users/jocke/Dropbox/Sites/listing_fu/index/development/person
[person] rebuild index with models: []
[person] reopening index at /Users/jocke/Dropbox/Sites/listing_fu/index/development/person
[person] register class Person with index person
[person] default field list for index person: [:group_description, :name]
Will use local index.
Will use local index.
using index in /Users/jocke/Dropbox/Sites/listing_fu/index/development/person
[person] register class Person with index person
[person] default field list for index person: [:group_description, :name]
Will use local index.
Will use local index.
Will use local index.
