  [4;36;1mSQL (0.2ms)[0m   [0;1mSET NAMES 'utf8'[0m
  [4;35;1mSQL (0.1ms)[0m   [0mSET SQL_AUTO_IS_NULL=0[0m
  [4;36;1mSQL (0.4ms)[0m   [0;1mCREATE DATABASE `listing_fu_development` DEFAULT CHARACTER SET `utf8` COLLATE `utf8_general_ci`[0m
  [4;35;1mSQL (0.1ms)[0m   [0mSET NAMES 'utf8'[0m
  [4;36;1mSQL (0.1ms)[0m   [0;1mSET SQL_AUTO_IS_NULL=0[0m
  [4;36;1mSQL (0.4ms)[0m   [0;1mSET NAMES 'utf8'[0m
  [4;35;1mSQL (0.1ms)[0m   [0mSET SQL_AUTO_IS_NULL=0[0m
  [4;36;1mSQL (0.5ms)[0m   [0;1mSHOW TABLES[0m
configured index for class Person:
{:ferret_fields=>{:group_description=>{:highlight=>:yes, :term_vector=>:with_positions_offsets, :index=>:yes, :store=>:no, :via=>:group_description, :boost=>1.0}, :name=>{:highlight=>:yes, :term_vector=>:with_positions_offsets, :index=>:yes, :store=>:no, :via=>:name, :boost=>1.0}}, :user_default_field=>nil, :enabled=>true, :fields=>[:name, :group_description], :index_dir=>"/Users/jocke/Dropbox/Sites/listing_fu/index/development/person", :name=>:person, :mysql_fast_batches=>true, :single_index=>false, :index_base_dir=>"/Users/jocke/Dropbox/Sites/listing_fu/index/development/person", :reindex_batch_size=>1000, :registered_models=>[Person(Table doesn't exist)], :ferret=>{:lock_retry_time=>2, :path=>"/Users/jocke/Dropbox/Sites/listing_fu/index/development/person", :key=>:key, :analyzer=>#<Ferret::Analysis::StandardAnalyzer:0x2518748>, :or_default=>false, :handle_parse_errors=>true, :dir=>#<Ferret::Store::FSDirectory:0x25187fc>, :auto_flush=>true, :create_if_missing=>true, :default_field=>[:group_description, :name]}, :raise_drb_errors=>false}
  [4;35;1mSQL (0.8ms)[0m   [0mSHOW TABLES[0m
  [4;36;1mSQL (0.2ms)[0m   [0;1mSET NAMES 'utf8'[0m
  [4;35;1mSQL (0.1ms)[0m   [0mSET SQL_AUTO_IS_NULL=0[0m
  [4;36;1mSQL (0.4ms)[0m   [0;1mSHOW TABLES[0m
  [4;35;1mSQL (360.8ms)[0m   [0mCREATE TABLE `schema_migrations` (`version` varchar(255) NOT NULL) ENGINE=InnoDB[0m
  [4;36;1mSQL (6.7ms)[0m   [0;1mCREATE UNIQUE INDEX `unique_schema_migrations` ON `schema_migrations` (`version`)[0m
  [4;35;1mSQL (0.5ms)[0m   [0mSHOW TABLES[0m
  [4;36;1mSQL (0.4ms)[0m   [0;1mSELECT version FROM schema_migrations[0m
Migrating to CreatePeople (20090306105112)
  [4;35;1mSQL (20.9ms)[0m   [0mCREATE TABLE `people` (`id` int(11) DEFAULT NULL auto_increment PRIMARY KEY, `name` varchar(255), `age` int(11), `created_at` datetime, `updated_at` datetime) ENGINE=InnoDB[0m
  [4;36;1mSQL (0.8ms)[0m   [0;1mINSERT INTO schema_migrations (version) VALUES ('20090306105112')[0m
Migrating to CreateGroups (20090306105145)
  [4;35;1mSQL (2.6ms)[0m   [0mCREATE TABLE `groups` (`id` int(11) DEFAULT NULL auto_increment PRIMARY KEY, `name` varchar(255), `description` text, `created_at` datetime, `updated_at` datetime) ENGINE=InnoDB[0m
  [4;36;1mSQL (0.8ms)[0m   [0;1mINSERT INTO schema_migrations (version) VALUES ('20090306105145')[0m
Migrating to CreateMemberships (20090306105205)
  [4;35;1mSQL (20.7ms)[0m   [0mCREATE TABLE `memberships` (`id` int(11) DEFAULT NULL auto_increment PRIMARY KEY, `person_id` int(11), `group_id` int(11), `created_at` datetime, `updated_at` datetime) ENGINE=InnoDB[0m
  [4;36;1mSQL (0.8ms)[0m   [0;1mINSERT INTO schema_migrations (version) VALUES ('20090306105205')[0m
  [4;35;1mSQL (0.5ms)[0m   [0mSHOW TABLES[0m
  [4;36;1mSQL (0.2ms)[0m   [0;1mSELECT version FROM schema_migrations[0m
  [4;35;1mSQL (0.3ms)[0m   [0mSHOW TABLES[0m
  [4;36;1mSQL (2.1ms)[0m   [0;1mSHOW FIELDS FROM `groups`[0m
  [4;35;1mSQL (2.5ms)[0m   [0mdescribe `groups`[0m
  [4;36;1mSQL (1.1ms)[0m   [0;1mSHOW KEYS FROM `groups`[0m
  [4;35;1mSQL (3.0ms)[0m   [0mSHOW FIELDS FROM `memberships`[0m
  [4;36;1mSQL (6.1ms)[0m   [0;1mdescribe `memberships`[0m
  [4;35;1mSQL (2.7ms)[0m   [0mSHOW KEYS FROM `memberships`[0m
  [4;36;1mSQL (2.3ms)[0m   [0;1mSHOW FIELDS FROM `people`[0m
  [4;35;1mSQL (3.1ms)[0m   [0mdescribe `people`[0m
  [4;36;1mSQL (1.2ms)[0m   [0;1mSHOW KEYS FROM `people`[0m
  [4;36;1mSQL (0.3ms)[0m   [0;1mSET NAMES 'utf8'[0m
  [4;35;1mSQL (0.1ms)[0m   [0mSET SQL_AUTO_IS_NULL=0[0m
  [4;36;1mSQL (0.5ms)[0m   [0;1mSHOW TABLES[0m
  [4;35;1mPerson Columns (2.6ms)[0m   [0mSHOW FIELDS FROM `people`[0m
configured index for class Person:
{:ferret_fields=>{:group_description=>{:highlight=>:yes, :term_vector=>:with_positions_offsets, :index=>:yes, :store=>:no, :via=>:group_description, :boost=>1.0}, :name=>{:highlight=>:yes, :term_vector=>:with_positions_offsets, :index=>:yes, :store=>:no, :via=>:name, :boost=>1.0}}, :user_default_field=>nil, :enabled=>true, :fields=>[:name, :group_description], :index_dir=>"/Users/jocke/Dropbox/Sites/listing_fu/index/development/person", :name=>:person, :mysql_fast_batches=>true, :single_index=>false, :index_base_dir=>"/Users/jocke/Dropbox/Sites/listing_fu/index/development/person", :reindex_batch_size=>1000, :registered_models=>[Person(id: integer, name: string, age: integer, created_at: datetime, updated_at: datetime)], :ferret=>{:path=>"/Users/jocke/Dropbox/Sites/listing_fu/index/development/person", :key=>:key, :or_default=>false, :handle_parse_errors=>true, :auto_flush=>true, :create_if_missing=>true, :default_field=>[:group_description, :name]}, :raise_drb_errors=>false}
  [4;36;1mSQL (0.4ms)[0m   [0;1mSHOW TABLES[0m
  [4;35;1mSQL (0.2ms)[0m   [0mBEGIN[0m
  [4;36;1mPerson Create (0.4ms)[0m   [0;1mINSERT INTO `people` (`name`, `updated_at`, `age`, `created_at`) VALUES('Joakim', '2009-03-06 13:00:01', 23, '2009-03-06 13:00:01')[0m
ferret_create/update: Person-1
creating doc for class: Person-1
Adding field group_description with value 'foo' to index
Adding field name with value 'Joakim' to index
  [4;35;1mSQL (0.8ms)[0m   [0mCOMMIT[0m
  [4;36;1mSQL (0.2ms)[0m   [0;1mBEGIN[0m
  [4;35;1mPerson Create (0.3ms)[0m   [0mINSERT INTO `people` (`name`, `updated_at`, `age`, `created_at`) VALUES('Kristoffer', '2009-03-06 13:00:07', 22, '2009-03-06 13:00:07')[0m
ferret_create/update: Person-2
creating doc for class: Person-2
Adding field group_description with value 'foo' to index
Adding field name with value 'Kristoffer' to index
  [4;36;1mSQL (0.8ms)[0m   [0;1mCOMMIT[0m
  [4;35;1mSQL (0.5ms)[0m   [0mSHOW TABLES[0m
Asked for a remote server ? true, ENV["FERRET_USE_LOCAL_INDEX"] is nil, looks like we are not the server
Will use local index.
using index in /Users/jocke/Dropbox/Sites/listing_fu/index/development/person
default field list: [:name]
  [4;36;1mSQL (0.3ms)[0m   [0;1mSET NAMES 'utf8'[0m
  [4;35;1mSQL (0.1ms)[0m   [0mSET SQL_AUTO_IS_NULL=0[0m
  [4;36;1mPerson Load (0.4ms)[0m   [0;1mSELECT * FROM `people` WHERE (people.id in ('1')) [0m
  [4;35;1mPerson Columns (2.4ms)[0m   [0mSHOW FIELDS FROM `people`[0m
Query: Joakim
total hits: 1, results delivered: 1
Query: Joak
total hits: 0, results delivered: 0
  [4;36;1mPerson Load (0.5ms)[0m   [0;1mSELECT * FROM `people` WHERE (people.id in ('1')) [0m
Query: Joak*
total hits: 1, results delivered: 1
  [4;35;1mPerson Load (0.4ms)[0m   [0mSELECT * FROM `people` WHERE (people.id in ('1')) [0m
Query: Joak*
total hits: 1, results delivered: 1
Asked for a remote server ? true, ENV["FERRET_USE_LOCAL_INDEX"] is nil, looks like we are not the server
Will use local index.
using index in /Users/jocke/Dropbox/Sites/listing_fu/index/development/person
default field list: [:group_description, :name]
  [4;36;1mSQL (0.3ms)[0m   [0;1mSET NAMES 'utf8'[0m
  [4;35;1mSQL (0.1ms)[0m   [0mSET SQL_AUTO_IS_NULL=0[0m
  [4;36;1mSQL (0.5ms)[0m   [0;1mSHOW TABLES[0m
  [4;35;1mPerson Columns (2.3ms)[0m   [0mSHOW FIELDS FROM `people`[0m
  [4;36;1mPerson Load (0.4ms)[0m   [0;1mSELECT * FROM `people` WHERE (people.id in ('1')) [0m
Query: Joak*
total hits: 1, results delivered: 1
Query: fo
total hits: 0, results delivered: 0
  [4;35;1mPerson Load (0.4ms)[0m   [0mSELECT * FROM `people` WHERE (people.id in ('1','2')) [0m
Query: Foo
total hits: 2, results delivered: 2
  [4;36;1mPerson Load (0.4ms)[0m   [0;1mSELECT * FROM `people` WHERE (people.id in ('1','2')) [0m
Query: Foo
total hits: 2, results delivered: 2
