# Logfile created on Fri Mar 06 14:03:47 +0100 2009 by /
LocalIndex: ensure_index_exists at /Users/jocke/Dropbox/Sites/listing_fu/index/development/person
LocalIndex: ensure_index_exists at /Users/jocke/Dropbox/Sites/listing_fu/index/development/person
LocalIndex: ensure_index_exists at /Users/jocke/Dropbox/Sites/listing_fu/index/development/person
query: name:joakim
stored_fields: 
LocalIndex: ensure_index_exists at /Users/jocke/Dropbox/Sites/listing_fu/index/development/person
LocalIndex: ensure_index_exists at /Users/jocke/Dropbox/Sites/listing_fu/index/development/person
query: name:joak
stored_fields: 
LocalIndex: ensure_index_exists at /Users/jocke/Dropbox/Sites/listing_fu/index/development/person
LocalIndex: ensure_index_exists at /Users/jocke/Dropbox/Sites/listing_fu/index/development/person
query: name:joak*
stored_fields: 
LocalIndex: ensure_index_exists at /Users/jocke/Dropbox/Sites/listing_fu/index/development/person
LocalIndex: ensure_index_exists at /Users/jocke/Dropbox/Sites/listing_fu/index/development/person
query: name:joak*
stored_fields: 
LocalIndex: ensure_index_exists at /Users/jocke/Dropbox/Sites/listing_fu/index/development/person
LocalIndex: ensure_index_exists at /Users/jocke/Dropbox/Sites/listing_fu/index/development/person
LocalIndex: ensure_index_exists at /Users/jocke/Dropbox/Sites/listing_fu/index/development/person
query: group_description:joak* name:joak*
stored_fields: 
LocalIndex: ensure_index_exists at /Users/jocke/Dropbox/Sites/listing_fu/index/development/person
LocalIndex: ensure_index_exists at /Users/jocke/Dropbox/Sites/listing_fu/index/development/person
query: group_description:fo name:fo
stored_fields: 
LocalIndex: ensure_index_exists at /Users/jocke/Dropbox/Sites/listing_fu/index/development/person
LocalIndex: ensure_index_exists at /Users/jocke/Dropbox/Sites/listing_fu/index/development/person
query: group_description:foo name:foo
stored_fields: 
LocalIndex: ensure_index_exists at /Users/jocke/Dropbox/Sites/listing_fu/index/development/person
LocalIndex: ensure_index_exists at /Users/jocke/Dropbox/Sites/listing_fu/index/development/person
query: group_description:foo name:foo
stored_fields: 
